e:\uni stuttgart\repos\exercise_02\freertos\fbs-app\win32-msvc\debug\vc143.pdb
e:\uni stuttgart\repos\exercise_02\freertos\fbs-app\win32-msvc\debug\vc143.idb
e:\uni stuttgart\repos\exercise_02\freertos\fbs-app\win32-msvc\debug\croutine.obj
e:\uni stuttgart\repos\exercise_02\freertos\fbs-app\win32-msvc\debug\event_groups.obj
e:\uni stuttgart\repos\exercise_02\freertos\fbs-app\win32-msvc\debug\heap_5.obj
e:\uni stuttgart\repos\exercise_02\freertos\fbs-app\win32-msvc\debug\stream_buffer.obj
e:\uni stuttgart\repos\exercise_02\freertos\fbs-app\win32-msvc\debug\timers.obj
e:\uni stuttgart\repos\exercise_02\freertos\fbs-app\win32-msvc\debug\main.obj
e:\uni stuttgart\repos\exercise_02\freertos\fbs-app\win32-msvc\debug\list.obj
e:\uni stuttgart\repos\exercise_02\freertos\fbs-app\win32-msvc\debug\port.obj
e:\uni stuttgart\repos\exercise_02\freertos\fbs-app\win32-msvc\debug\queue.obj
e:\uni stuttgart\repos\exercise_02\freertos\fbs-app\win32-msvc\debug\tasks.obj
e:\uni stuttgart\repos\exercise_02\freertos\fbs-app\win32-msvc\debug\main_exercise.obj
e:\uni stuttgart\repos\exercise_02\freertos\fbs-app\win32-msvc\debug\run-time-stats-utils.obj
e:\uni stuttgart\repos\exercise_02\freertos\fbs-app\win32-msvc\debug\fbs-app.exe
e:\uni stuttgart\repos\exercise_02\freertos\fbs-app\win32-msvc\debug\fbs-app.ilk
e:\uni stuttgart\repos\exercise_02\freertos\fbs-app\win32-msvc\debug\win32.pdb
e:\uni stuttgart\repos\exercise_02\freertos\fbs-app\win32-msvc\debug\fbs-app.tlog\cl.command.1.tlog
e:\uni stuttgart\repos\exercise_02\freertos\fbs-app\win32-msvc\debug\fbs-app.tlog\cl.read.1.tlog
e:\uni stuttgart\repos\exercise_02\freertos\fbs-app\win32-msvc\debug\fbs-app.tlog\cl.write.1.tlog
e:\uni stuttgart\repos\exercise_02\freertos\fbs-app\win32-msvc\debug\fbs-app.tlog\link.command.1.tlog
e:\uni stuttgart\repos\exercise_02\freertos\fbs-app\win32-msvc\debug\fbs-app.tlog\link.read.1.tlog
e:\uni stuttgart\repos\exercise_02\freertos\fbs-app\win32-msvc\debug\fbs-app.tlog\link.write.1.tlog
